2021-08-11 10:06:15,622 INFO     Python verstion 3.7.3
2021-08-11 10:06:15,622 INFO     Executing Spirent Network Emulator __init__
2021-08-11 10:06:15,622 INFO     URL : http://10.140.96.99/api
2021-08-11 10:06:15,622 INFO     Authorizing SNE_IP :10.140.96.99 username :pwari password :
2021-08-11 10:06:15,671 INFO     Successfully Authorized :) 
2021-08-11 10:06:15,691 INFO     SNE Version : 11.0.0.18
2021-08-11 10:06:15,692 INFO     starting method (get) arguments (<SpirentNetworkEmulator.SpirentNetworkEmulator object at 0x106cb6eb8>, '/instrument/software/buildversion') {}
2021-08-11 10:06:15,714 INFO     return value from method (get) 11.0.0.18
2021-08-11 10:06:15,714 INFO     starting method (get) arguments (<SpirentNetworkEmulator.SpirentNetworkEmulator object at 0x106cb6eb8>, '/maps') {}
2021-08-11 10:06:15,737 INFO     return value from method (get) {'status': {'code': 1201, 'message': 'Operation Successful'}, 'maps': [{'mapName': 'Basic_impairment', 'mapId': '1d208803-6257-418b-9def-b02f108ba8e0', 'state': 'Unloaded', 'user': '', 'inPortsUsed': '1', 'outPortsUsed': '0'}]}
2021-08-11 10:06:15,737 INFO     starting method (post) arguments (<SpirentNetworkEmulator.SpirentNetworkEmulator object at 0x106cb6eb8>, '/maps/1d208803-6257-418b-9def-b02f108ba8e0/load') {}
2021-08-11 10:06:15,767 INFO     return value from method (post) {'code': 1201, 'message': 'Operation Successful'}
2021-08-11 10:06:15,768 INFO     starting method (put) arguments (<SpirentNetworkEmulator.SpirentNetworkEmulator object at 0x106cb6eb8>, '/maps/1d208803-6257-418b-9def-b02f108ba8e0/start') {}
2021-08-11 10:06:15,805 INFO     return value from method (put) {'code': 1201, 'message': 'Operation Successful'}
2021-08-11 10:06:20,810 INFO     starting method (get) arguments (<SpirentNetworkEmulator.SpirentNetworkEmulator object at 0x106cb6eb8>, '/api/maps/1d208803-6257-418b-9def-b02f108ba8e0/impairments') {}
2021-08-11 10:06:20,843 INFO     return value from method (get) {'status': {'code': 1201, 'message': 'Operation Successful'}, 'impairments': [{'name': 'Delay', 'impId': '54e7918b-e039-46b7-9643-d6c96d5f5f70', 'enabled': True, 'type': 'PacketDelay'}, {'name': 'Drop Packets', 'impId': '6812e0e6-3177-4101-ab75-f969cc815245', 'enabled': True, 'type': 'PacketDropCorruptor'}]}
2021-08-11 10:06:20,843 INFO     starting method (get) arguments (<SpirentNetworkEmulator.SpirentNetworkEmulator object at 0x106cb6eb8>, '/maps/1d208803-6257-418b-9def-b02f108ba8e0/impairments/6812e0e6-3177-4101-ab75-f969cc815245/packetdrop') {}
2021-08-11 10:06:20,866 INFO     return value from method (get) {'status': {'code': 1201, 'message': 'Operation Successful'}, 'updatePending': True, 'packetDrop': {'packetDropMode': 'standardDropMode', 'enabled': True, 'timeConstraints': {'enableTimeConstraints': False, 'startDelay': 1000.0, 'duration': 5000.0}, 'packetDropSettings': {'standardDropMode': {'packetDropCount': 5, 'perPacketCount': 100, 'dropMethod': 'dropEvenly'}, 'percentageDropMode': {'percentageDrop': 1}, 'markovDropMode': {'highLossDropProbability': 70.0, 'lowLossDropProbability': 10.0, 'highLossTransProbability': 50.0, 'lowLossTransProbability': 50.0}}}}
2021-08-11 10:06:20,867 INFO     starting method (get) arguments (<SpirentNetworkEmulator.SpirentNetworkEmulator object at 0x106cb6eb8>, '/maps/1d208803-6257-418b-9def-b02f108ba8e0/stats') {}
2021-08-11 10:06:20,891 INFO     return value from method (get) {'status': {'code': 1201, 'message': 'Operation Successful'}, 'nodes': [{'name': 'Input Port', 'uuid': 'e8c322a2-6098-472f-b2d6-1bac75663c13', 'kvp': [{'key': 'Packets Received', 'value': {'u64': 0, 'valueCase': 2}}, {'key': 'Rx Packets', 'value': {'u64': 0, 'valueCase': 2}}, {'key': 'Tx Packets', 'value': {'u64': 0, 'valueCase': 2}}, {'key': 'Rx Bytes', 'value': {'u64': 0, 'valueCase': 2}}, {'key': 'Tx Bytes', 'value': {'u64': 0, 'valueCase': 2}}, {'key': 'Rx Errors', 'value': {'u64': 0, 'valueCase': 2}}, {'key': 'Tx Errors', 'value': {'u64': 0, 'valueCase': 2}}, {'key': 'Rx Over Errors', 'value': {'u64': 0, 'valueCase': 2}}, {'key': 'Rx Frame Errors', 'value': {'u64': 0, 'valueCase': 2}}]}, {'name': 'Output Port', 'uuid': '0e62f691-8b31-4dfb-ab5c-f02c9526450d', 'kvp': [{'key': 'Packets Received', 'value': {'u64': 0, 'valueCase': 2}}, {'key': 'Rx Packets', 'value': {'u64': 0, 'valueCase': 2}}, {'key': 'Tx Packets', 'value': {'u64': 0, 'valueCase': 2}}, {'key': 'Rx Bytes', 'value': {'u64': 0, 'valueCase': 2}}, {'key': 'Tx Bytes', 'value': {'u64': 0, 'valueCase': 2}}, {'key': 'Rx Errors', 'value': {'u64': 0, 'valueCase': 2}}, {'key': 'Tx Errors', 'value': {'u64': 0, 'valueCase': 2}}, {'key': 'Rx Over Errors', 'value': {'u64': 0, 'valueCase': 2}}, {'key': 'Rx Frame Errors', 'value': {'u64': 0, 'valueCase': 2}}]}, {'name': 'Delay', 'uuid': '54e7918b-e039-46b7-9643-d6c96d5f5f70', 'kvp': [{'key': 'Packets Received', 'value': {'u64': 0, 'valueCase': 2}}, {'key': 'Packets In Memory', 'value': {'u64': 0, 'valueCase': 2}}, {'key': 'Excess Packets', 'value': {'u64': 0, 'valueCase': 2}}]}, {'name': 'Drop Packets', 'uuid': '6812e0e6-3177-4101-ab75-f969cc815245', 'kvp': [{'key': 'Packets Received', 'value': {'u64': 0, 'valueCase': 2}}, {'key': 'Packets Dropped', 'value': {'u64': 0, 'valueCase': 2}}]}]}
2021-08-11 10:06:20,892 INFO     starting method (put) arguments (<SpirentNetworkEmulator.SpirentNetworkEmulator object at 0x106cb6eb8>, '/maps/1d208803-6257-418b-9def-b02f108ba8e0/stop') {}
2021-08-11 10:06:21,840 INFO     return value from method (put) {'code': 1201, 'message': 'Operation Successful'}
2021-08-11 10:06:21,840 INFO     starting method (put) arguments (<SpirentNetworkEmulator.SpirentNetworkEmulator object at 0x106cb6eb8>, '/maps/1d208803-6257-418b-9def-b02f108ba8e0/unload') {}
2021-08-11 10:06:21,895 INFO     return value from method (put) {'code': 1201, 'message': 'Operation Successful'}
