2021-08-11 10:05:50,435 INFO     Python verstion 2.7.16
2021-08-11 10:05:50,435 INFO     Executing Spirent Network Emulator __init__
2021-08-11 10:05:50,435 INFO     URL : http://10.140.96.99/api
2021-08-11 10:05:50,435 INFO     Authorizing SNE_IP :10.140.96.99 username :pwari password :
2021-08-11 10:05:50,480 INFO     Successfully Authorized :) 
2021-08-11 10:05:50,504 INFO     SNE Version : 11.0.0.18
2021-08-11 10:05:50,504 INFO     starting method (get) arguments (<SpirentNetworkEmulator.SpirentNetworkEmulator instance at 0x10292b200>, '/instrument/software/buildversion') {}
2021-08-11 10:05:50,526 INFO     return value from method (get) 11.0.0.18
2021-08-11 10:05:50,527 INFO     starting method (get) arguments (<SpirentNetworkEmulator.SpirentNetworkEmulator instance at 0x10292b200>, '/maps') {}
2021-08-11 10:05:50,550 INFO     return value from method (get) {u'status': {u'message': u'Operation Successful', u'code': 1201}, u'maps': [{u'inPortsUsed': u'1', u'mapId': u'1d208803-6257-418b-9def-b02f108ba8e0', u'mapName': u'Basic_impairment', u'state': u'Unloaded', u'user': u'', u'outPortsUsed': u'0'}]}
2021-08-11 10:05:50,550 INFO     starting method (post) arguments (<SpirentNetworkEmulator.SpirentNetworkEmulator instance at 0x10292b200>, u'/maps/1d208803-6257-418b-9def-b02f108ba8e0/load') {}
2021-08-11 10:05:50,582 INFO     return value from method (post) {u'message': u'Operation Successful', u'code': 1201}
2021-08-11 10:05:50,582 INFO     starting method (put) arguments (<SpirentNetworkEmulator.SpirentNetworkEmulator instance at 0x10292b200>, u'/maps/1d208803-6257-418b-9def-b02f108ba8e0/start') {}
2021-08-11 10:05:50,620 INFO     return value from method (put) {u'message': u'Operation Successful', u'code': 1201}
2021-08-11 10:05:55,624 INFO     starting method (get) arguments (<SpirentNetworkEmulator.SpirentNetworkEmulator instance at 0x10292b200>, u'/api/maps/1d208803-6257-418b-9def-b02f108ba8e0/impairments') {}
2021-08-11 10:05:55,655 INFO     return value from method (get) {u'status': {u'message': u'Operation Successful', u'code': 1201}, u'impairments': [{u'enabled': True, u'impId': u'54e7918b-e039-46b7-9643-d6c96d5f5f70', u'name': u'Delay', u'type': u'PacketDelay'}, {u'enabled': True, u'impId': u'6812e0e6-3177-4101-ab75-f969cc815245', u'name': u'Drop Packets', u'type': u'PacketDropCorruptor'}]}
2021-08-11 10:05:55,655 INFO     starting method (get) arguments (<SpirentNetworkEmulator.SpirentNetworkEmulator instance at 0x10292b200>, u'/maps/1d208803-6257-418b-9def-b02f108ba8e0/impairments/6812e0e6-3177-4101-ab75-f969cc815245/packetdrop') {}
2021-08-11 10:05:55,680 INFO     return value from method (get) {u'status': {u'message': u'Operation Successful', u'code': 1201}, u'updatePending': True, u'packetDrop': {u'packetDropMode': u'standardDropMode', u'timeConstraints': {u'duration': 5000.0, u'startDelay': 1000.0, u'enableTimeConstraints': False}, u'enabled': True, u'packetDropSettings': {u'markovDropMode': {u'highLossDropProbability': 70.0, u'lowLossTransProbability': 50.0, u'highLossTransProbability': 50.0, u'lowLossDropProbability': 10.0}, u'percentageDropMode': {u'percentageDrop': 1}, u'standardDropMode': {u'perPacketCount': 100, u'dropMethod': u'dropEvenly', u'packetDropCount': 5}}}}
2021-08-11 10:05:55,681 INFO     starting method (get) arguments (<SpirentNetworkEmulator.SpirentNetworkEmulator instance at 0x10292b200>, u'/maps/1d208803-6257-418b-9def-b02f108ba8e0/stats') {}
2021-08-11 10:05:55,704 INFO     return value from method (get) {u'status': {u'message': u'Operation Successful', u'code': 1201}, u'nodes': [{u'name': u'Input Port', u'kvp': [{u'value': {u'u64': 0, u'valueCase': 2}, u'key': u'Packets Received'}, {u'value': {u'u64': 0, u'valueCase': 2}, u'key': u'Rx Packets'}, {u'value': {u'u64': 0, u'valueCase': 2}, u'key': u'Tx Packets'}, {u'value': {u'u64': 0, u'valueCase': 2}, u'key': u'Rx Bytes'}, {u'value': {u'u64': 0, u'valueCase': 2}, u'key': u'Tx Bytes'}, {u'value': {u'u64': 0, u'valueCase': 2}, u'key': u'Rx Errors'}, {u'value': {u'u64': 0, u'valueCase': 2}, u'key': u'Tx Errors'}, {u'value': {u'u64': 0, u'valueCase': 2}, u'key': u'Rx Over Errors'}, {u'value': {u'u64': 0, u'valueCase': 2}, u'key': u'Rx Frame Errors'}], u'uuid': u'e8c322a2-6098-472f-b2d6-1bac75663c13'}, {u'name': u'Output Port', u'kvp': [{u'value': {u'u64': 0, u'valueCase': 2}, u'key': u'Packets Received'}, {u'value': {u'u64': 0, u'valueCase': 2}, u'key': u'Rx Packets'}, {u'value': {u'u64': 0, u'valueCase': 2}, u'key': u'Tx Packets'}, {u'value': {u'u64': 0, u'valueCase': 2}, u'key': u'Rx Bytes'}, {u'value': {u'u64': 0, u'valueCase': 2}, u'key': u'Tx Bytes'}, {u'value': {u'u64': 0, u'valueCase': 2}, u'key': u'Rx Errors'}, {u'value': {u'u64': 0, u'valueCase': 2}, u'key': u'Tx Errors'}, {u'value': {u'u64': 0, u'valueCase': 2}, u'key': u'Rx Over Errors'}, {u'value': {u'u64': 0, u'valueCase': 2}, u'key': u'Rx Frame Errors'}], u'uuid': u'0e62f691-8b31-4dfb-ab5c-f02c9526450d'}, {u'name': u'Delay', u'kvp': [{u'value': {u'u64': 0, u'valueCase': 2}, u'key': u'Packets Received'}, {u'value': {u'u64': 0, u'valueCase': 2}, u'key': u'Packets In Memory'}, {u'value': {u'u64': 0, u'valueCase': 2}, u'key': u'Excess Packets'}], u'uuid': u'54e7918b-e039-46b7-9643-d6c96d5f5f70'}, {u'name': u'Drop Packets', u'kvp': [{u'value': {u'u64': 0, u'valueCase': 2}, u'key': u'Packets Received'}, {u'value': {u'u64': 0, u'valueCase': 2}, u'key': u'Packets Dropped'}], u'uuid': u'6812e0e6-3177-4101-ab75-f969cc815245'}]}
2021-08-11 10:05:55,705 INFO     starting method (put) arguments (<SpirentNetworkEmulator.SpirentNetworkEmulator instance at 0x10292b200>, u'/maps/1d208803-6257-418b-9def-b02f108ba8e0/stop') {}
2021-08-11 10:05:56,756 INFO     return value from method (put) {u'message': u'Operation Successful', u'code': 1201}
2021-08-11 10:05:56,756 INFO     starting method (put) arguments (<SpirentNetworkEmulator.SpirentNetworkEmulator instance at 0x10292b200>, u'/maps/1d208803-6257-418b-9def-b02f108ba8e0/unload') {}
2021-08-11 10:05:56,809 INFO     return value from method (put) {u'message': u'Operation Successful', u'code': 1201}
